<?xml version="1.0" encoding="UTF-8"?>
<!-- Generated by org.testng.reporters.JUnitXMLReporter -->
<testsuite hostname="SYPUL9ZFHMW2" ignored="0" name="Regression1" tests="1" failures="1" timestamp="2020-08-23T18:21:04 IST" time="130.518" errors="0">
  <testcase name="calculator" time="115.846" classname="com.mobile.android.Test.BuyProduct">
    <failure type="java.lang.AssertionError" message="Unable to locate the element -Located by By.chained({By.xpath: //android.widget.ImageView[@content-desc=&amp;quot;Cart&amp;quot;]}) : Exception Messageorg.openqa.selenium.TimeoutException: Expected condition failed: waiting for element to be clickable: Located by By.chained({By.xpath: //android.widget.ImageView[@content-desc=&amp;quot;Cart&amp;quot;]}) (tried for 10 second(s) with 500 milliseconds interval) expected [true] but found [false]">
      <![CDATA[java.lang.AssertionError: Unable to locate the element -Located by By.chained({By.xpath: //android.widget.ImageView[@content-desc="Cart"]}) : Exception Messageorg.openqa.selenium.TimeoutException: Expected condition failed: waiting for element to be clickable: Located by By.chained({By.xpath: //android.widget.ImageView[@content-desc="Cart"]}) (tried for 10 second(s) with 500 milliseconds interval) expected [true] but found [false]
at com.utility.BasePageObject.click_On_Element(BasePageObject.java:92)
at com.mobile.android.Steps.Checkout.clickOnCart_Icon(Checkout.java:56)
at com.mobile.android.Test.BuyProduct.checkoutItem(BuyProduct.java:44)
at com.mobile.android.Test.BuyProduct.calculator(BuyProduct.java:38)
at java.util.ArrayList.forEach(Unknown Source)
... Removed 32 stack frames]]>
    </failure>
  </testcase> <!-- calculator -->
</testsuite> <!-- Regression1 -->
