<?xml version="1.0" encoding="UTF-8"?>
<testng-results skipped="0" failed="1" ignored="0" total="1" passed="0">
  <reporter-output>
  </reporter-output>
  <suite name="Suite1" duration-ms="130518" started-at="2020-08-23T18:18:54 IST" finished-at="2020-08-23T18:21:04 IST">
    <groups>
    </groups>
    <test name="Regression1" duration-ms="130518" started-at="2020-08-23T18:18:54 IST" finished-at="2020-08-23T18:21:04 IST">
      <class name="com.mobile.android.Test.BuyProduct">
        <test-method status="PASS" signature="setUp()[pri:0, instance:com.mobile.android.Test.BuyProduct@1563da5]" name="setUp" is-config="true" duration-ms="13791" started-at="2020-08-23T18:18:54 IST" finished-at="2020-08-23T18:19:07 IST">
          <reporter-output>
          </reporter-output>
        </test-method> <!-- setUp -->
        <test-method status="FAIL" signature="calculator()[pri:0, instance:com.mobile.android.Test.BuyProduct@1563da5]" name="calculator" duration-ms="115846" started-at="2020-08-23T18:19:07 IST" finished-at="2020-08-23T18:21:03 IST">
          <exception class="java.lang.AssertionError">
            <message>
              <![CDATA[Unable to locate the element -Located by By.chained({By.xpath: //android.widget.ImageView[@content-desc="Cart"]}) : Exception Messageorg.openqa.selenium.TimeoutException: Expected condition failed: waiting for element to be clickable: Located by By.chained({By.xpath: //android.widget.ImageView[@content-desc="Cart"]}) (tried for 10 second(s) with 500 milliseconds interval) expected [true] but found [false]]]>
            </message>
            <full-stacktrace>
              <![CDATA[java.lang.AssertionError: Unable to locate the element -Located by By.chained({By.xpath: //android.widget.ImageView[@content-desc="Cart"]}) : Exception Messageorg.openqa.selenium.TimeoutException: Expected condition failed: waiting for element to be clickable: Located by By.chained({By.xpath: //android.widget.ImageView[@content-desc="Cart"]}) (tried for 10 second(s) with 500 milliseconds interval) expected [true] but found [false]
at org.testng.Assert.fail(Assert.java:99)
at org.testng.Assert.failNotEquals(Assert.java:1037)
at org.testng.Assert.assertEqualsImpl(Assert.java:140)
at org.testng.Assert.assertEquals(Assert.java:122)
at org.testng.Assert.assertEquals(Assert.java:819)
at com.utility.BasePageObject.click_On_Element(BasePageObject.java:92)
at com.mobile.android.Steps.Checkout.clickOnCart_Icon(Checkout.java:56)
at com.mobile.android.Test.BuyProduct.checkoutItem(BuyProduct.java:44)
at com.mobile.android.Test.BuyProduct.calculator(BuyProduct.java:38)
at sun.reflect.NativeMethodAccessorImpl.invoke0(Native Method)
at sun.reflect.NativeMethodAccessorImpl.invoke(Unknown Source)
at sun.reflect.DelegatingMethodAccessorImpl.invoke(Unknown Source)
at java.lang.reflect.Method.invoke(Unknown Source)
at org.testng.internal.MethodInvocationHelper.invokeMethod(MethodInvocationHelper.java:132)
at org.testng.internal.TestInvoker.invokeMethod(TestInvoker.java:599)
at org.testng.internal.TestInvoker.invokeTestMethod(TestInvoker.java:174)
at org.testng.internal.MethodRunner.runInSequence(MethodRunner.java:46)
at org.testng.internal.TestInvoker$MethodInvocationAgent.invoke(TestInvoker.java:822)
at org.testng.internal.TestInvoker.invokeTestMethods(TestInvoker.java:147)
at org.testng.internal.TestMethodWorker.invokeTestMethods(TestMethodWorker.java:146)
at org.testng.internal.TestMethodWorker.run(TestMethodWorker.java:128)
at java.util.ArrayList.forEach(Unknown Source)
at org.testng.TestRunner.privateRun(TestRunner.java:764)
at org.testng.TestRunner.run(TestRunner.java:585)
at org.testng.SuiteRunner.runTest(SuiteRunner.java:384)
at org.testng.SuiteRunner.runSequentially(SuiteRunner.java:378)
at org.testng.SuiteRunner.privateRun(SuiteRunner.java:337)
at org.testng.SuiteRunner.run(SuiteRunner.java:286)
at org.testng.SuiteRunnerWorker.runSuite(SuiteRunnerWorker.java:53)
at org.testng.SuiteRunnerWorker.run(SuiteRunnerWorker.java:96)
at org.testng.TestNG.runSuitesSequentially(TestNG.java:1218)
at org.testng.TestNG.runSuitesLocally(TestNG.java:1140)
at org.testng.TestNG.runSuites(TestNG.java:1069)
at org.testng.TestNG.run(TestNG.java:1037)
at org.testng.remote.AbstractRemoteTestNG.run(AbstractRemoteTestNG.java:115)
at org.testng.remote.RemoteTestNG.initAndRun(RemoteTestNG.java:251)
at org.testng.remote.RemoteTestNG.main(RemoteTestNG.java:77)
]]>
            </full-stacktrace>
          </exception> <!-- java.lang.AssertionError -->
          <reporter-output>
          </reporter-output>
        </test-method> <!-- calculator -->
        <test-method status="PASS" signature="teardown()[pri:0, instance:com.mobile.android.Test.BuyProduct@1563da5]" name="teardown" is-config="true" duration-ms="835" started-at="2020-08-23T18:21:03 IST" finished-at="2020-08-23T18:21:04 IST">
          <reporter-output>
          </reporter-output>
        </test-method> <!-- teardown -->
      </class> <!-- com.mobile.android.Test.BuyProduct -->
    </test> <!-- Regression1 -->
  </suite> <!-- Suite1 -->
</testng-results>
